SF:lib/core/usecases/usecase.dart
DA:10,0
DA:11,0
LF:2
LH:0
end_of_record
SF:lib/domain/entities/offer.dart
DA:9,3
DA:18,0
DA:19,0
DA:29,1
DA:37,1
DA:38,1
DA:39,0
DA:40,1
DA:41,1
DA:42,1
DA:43,1
LF:11
LH:8
end_of_record
SF:lib/domain/usecases/get_offers.dart
DA:10,1
DA:12,1
DA:14,2
LF:3
LH:3
end_of_record
SF:lib/core/error/failures.dart
DA:6,2
DA:8,1
DA:9,2
DA:13,2
DA:17,0
DA:21,2
DA:25,0
DA:29,0
DA:33,0
LF:9
LH:5
end_of_record
SF:lib/domain/usecases/create_offer.dart
DA:10,1
DA:12,1
DA:14,3
DA:15,2
DA:17,3
DA:18,0
DA:20,6
DA:21,0
DA:23,3
DA:24,0
DA:26,8
DA:27,0
DA:30,3
DA:37,1
LF:14
LH:10
end_of_record
SF:lib/domain/usecases/update_offer.dart
DA:10,0
DA:12,0
DA:14,0
DA:15,0
DA:17,0
DA:18,0
DA:20,0
DA:21,0
DA:23,0
DA:24,0
DA:26,0
DA:27,0
DA:29,0
DA:36,0
LF:14
LH:0
end_of_record
SF:lib/domain/usecases/delete_offer.dart
DA:9,0
DA:11,0
DA:13,0
LF:3
LH:0
end_of_record
SF:lib/presentation/bloc/offer_bloc.dart
DA:17,1
DA:22,2
DA:23,2
DA:24,2
DA:25,2
DA:26,2
DA:29,1
DA:30,2
DA:32,3
DA:33,2
DA:34,3
DA:35,2
DA:38,0
DA:42,0
DA:43,0
DA:45,0
DA:47,0
DA:48,0
DA:49,0
DA:50,0
DA:51,0
DA:54,0
DA:58,0
DA:59,0
DA:61,0
DA:62,0
DA:63,0
DA:64,0
DA:65,0
DA:66,0
DA:69,0
DA:73,0
DA:74,0
DA:76,0
DA:77,0
DA:78,0
DA:79,0
DA:82,0
DA:86,1
DA:87,1
DA:88,1
DA:90,0
DA:92,0
DA:93,0
LF:44
LH:15
end_of_record
SF:lib/presentation/bloc/offer_event.dart
DA:5,1
DA:7,0
DA:8,0
DA:16,0
DA:18,0
DA:19,0
DA:25,0
DA:27,0
DA:28,0
DA:34,0
DA:36,0
DA:37,0
LF:12
LH:1
end_of_record
SF:lib/presentation/bloc/offer_state.dart
DA:5,1
DA:7,1
DA:8,1
DA:18,1
DA:20,1
DA:21,2
DA:27,1
DA:29,1
DA:30,2
DA:36,0
DA:38,0
DA:39,0
DA:45,0
DA:47,0
DA:48,0
LF:15
LH:9
end_of_record
